[2023-05-28 20:51:14] DEBUG /Users/kacper/repos/radio-take-two/SIK-1-Radio/src/receiver/receiver.cc:120: i = 0
[2023-05-28 20:51:14] DEBUG /Users/kacper/repos/radio-take-two/SIK-1-Radio/src/receiver/receiver.cc:124: i = 0
[2023-05-28 20:51:14] DEBUG /Users/kacper/repos/radio-take-two/SIK-1-Radio/src/receiver/receiver.cc:120: i = 1
[2023-05-28 20:51:14] DEBUG /Users/kacper/repos/radio-take-two/SIK-1-Radio/src/receiver/receiver.cc:124: i = 1
[2023-05-28 20:51:14] DEBUG /Users/kacper/repos/radio-take-two/SIK-1-Radio/src/receiver/receiver.cc:120: i = 2
[2023-05-28 20:51:14] DEBUG /Users/kacper/repos/radio-take-two/SIK-1-Radio/src/receiver/receiver.cc:124: i = 2
[2023-05-28 20:51:14] DEBUG /Users/kacper/repos/radio-take-two/SIK-1-Radio/src/receiver/receiver.cc:120: i = 3
[2023-05-28 20:51:14] DEBUG /Users/kacper/repos/radio-take-two/SIK-1-Radio/src/receiver/rexmit_sender.cc:30: [RexmitSender] no station playing
[2023-05-28 20:51:15] DEBUG /Users/kacper/repos/radio-take-two/SIK-1-Radio/src/receiver/receiver.cc:124: i = 3
[2023-05-28 20:51:15] DEBUG /Users/kacper/repos/radio-take-two/SIK-1-Radio/src/receiver/receiver.cc:120: i = 4
[2023-05-28 20:51:15] DEBUG /Users/kacper/repos/radio-take-two/SIK-1-Radio/src/receiver/receiver.cc:124: i = 4
[2023-05-28 20:51:15] DEBUG /Users/kacper/repos/radio-take-two/SIK-1-Radio/src/receiver/receiver.cc:120: i = 5
[2023-05-28 20:51:15] DEBUG /Users/kacper/repos/radio-take-two/SIK-1-Radio/src/receiver/rexmit_sender.cc:30: [RexmitSender] no station playing
[2023-05-28 20:51:15] DEBUG /Users/kacper/repos/radio-take-two/SIK-1-Radio/src/receiver/receiver.cc:124: i = 5
[2023-05-28 20:51:15] DEBUG /Users/kacper/repos/radio-take-two/SIK-1-Radio/src/receiver/receiver.cc:120: i = 6
[2023-05-28 20:51:15] DEBUG /Users/kacper/repos/radio-take-two/SIK-1-Radio/src/receiver/receiver.cc:124: i = 6
[2023-05-28 20:51:15] DEBUG /Users/kacper/repos/radio-take-two/SIK-1-Radio/src/receiver/receiver.cc:120: i = 7
[2023-05-28 20:51:15] DEBUG /Users/kacper/repos/radio-take-two/SIK-1-Radio/src/receiver/receiver.cc:124: i = 7
[2023-05-28 20:51:15] DEBUG /Users/kacper/repos/radio-take-two/SIK-1-Radio/src/receiver/rexmit_sender.cc:30: [RexmitSender] no station playing
[2023-05-28 20:51:15] DEBUG /Users/kacper/repos/radio-take-two/SIK-1-Radio/src/receiver/station_remover.cc:35: [StationRemover] searching for dead stations...
[2023-05-28 20:51:15] DEBUG /Users/kacper/repos/radio-take-two/SIK-1-Radio/src/receiver/rexmit_sender.cc:30: [RexmitSender] no station playing
[2023-05-28 20:51:16] DEBUG /Users/kacper/repos/radio-take-two/SIK-1-Radio/src/receiver/rexmit_sender.cc:30: [RexmitSender] no station playing
[2023-05-28 20:51:16] DEBUG /Users/kacper/repos/radio-take-two/SIK-1-Radio/src/receiver/station_remover.cc:35: [StationRemover] searching for dead stations...
[2023-05-28 20:51:16] DEBUG /Users/kacper/repos/radio-take-two/SIK-1-Radio/src/receiver/rexmit_sender.cc:30: [RexmitSender] no station playing
[2023-05-28 20:51:16] DEBUG /Users/kacper/repos/radio-take-two/SIK-1-Radio/src/receiver/rexmit_sender.cc:30: [RexmitSender] no station playing
[2023-05-28 20:51:16] DEBUG /Users/kacper/repos/radio-take-two/SIK-1-Radio/src/receiver/station_remover.cc:35: [StationRemover] searching for dead stations...
[2023-05-28 20:51:16] DEBUG /Users/kacper/repos/radio-take-two/SIK-1-Radio/src/receiver/rexmit_sender.cc:30: [RexmitSender] no station playing
[2023-05-28 20:51:17] DEBUG /Users/kacper/repos/radio-take-two/SIK-1-Radio/src/receiver/rexmit_sender.cc:30: [RexmitSender] no station playing
[2023-05-28 20:51:17] DEBUG /Users/kacper/repos/radio-take-two/SIK-1-Radio/src/receiver/station_remover.cc:35: [StationRemover] searching for dead stations...
[2023-05-28 20:51:17] DEBUG /Users/kacper/repos/radio-take-two/SIK-1-Radio/src/receiver/rexmit_sender.cc:30: [RexmitSender] no station playing
[2023-05-28 20:51:17] DEBUG /Users/kacper/repos/radio-take-two/SIK-1-Radio/src/receiver/rexmit_sender.cc:30: [RexmitSender] no station playing
[2023-05-28 20:51:17] DEBUG /Users/kacper/repos/radio-take-two/SIK-1-Radio/src/receiver/station_remover.cc:35: [StationRemover] searching for dead stations...
[2023-05-28 20:51:17] DEBUG /Users/kacper/repos/radio-take-two/SIK-1-Radio/src/receiver/rexmit_sender.cc:30: [RexmitSender] no station playing
[2023-05-28 20:51:18] DEBUG /Users/kacper/repos/radio-take-two/SIK-1-Radio/src/receiver/rexmit_sender.cc:30: [RexmitSender] no station playing
[2023-05-28 20:51:18] DEBUG /Users/kacper/repos/radio-take-two/SIK-1-Radio/src/receiver/station_remover.cc:35: [StationRemover] searching for dead stations...
[2023-05-28 20:51:18] DEBUG /Users/kacper/repos/radio-take-two/SIK-1-Radio/src/receiver/rexmit_sender.cc:30: [RexmitSender] no station playing
[2023-05-28 20:51:18] DEBUG /Users/kacper/repos/radio-take-two/SIK-1-Radio/src/receiver/rexmit_sender.cc:30: [RexmitSender] no station playing
[2023-05-28 20:51:18] DEBUG /Users/kacper/repos/radio-take-two/SIK-1-Radio/src/receiver/station_remover.cc:35: [StationRemover] searching for dead stations...
[2023-05-28 20:51:18] DEBUG /Users/kacper/repos/radio-take-two/SIK-1-Radio/src/receiver/rexmit_sender.cc:30: [RexmitSender] no station playing
[2023-05-28 20:51:19] DEBUG /Users/kacper/repos/radio-take-two/SIK-1-Radio/src/receiver/rexmit_sender.cc:30: [RexmitSender] no station playing
[2023-05-28 20:51:19] DEBUG /Users/kacper/repos/radio-take-two/SIK-1-Radio/src/receiver/station_remover.cc:35: [StationRemover] searching for dead stations...
[2023-05-28 20:51:19] DEBUG /Users/kacper/repos/radio-take-two/SIK-1-Radio/src/receiver/rexmit_sender.cc:30: [RexmitSender] no station playing
[2023-05-28 20:51:19] DEBUG /Users/kacper/repos/radio-take-two/SIK-1-Radio/src/receiver/rexmit_sender.cc:30: [RexmitSender] no station playing
[2023-05-28 20:51:19] DEBUG /Users/kacper/repos/radio-take-two/SIK-1-Radio/src/receiver/station_remover.cc:35: [StationRemover] searching for dead stations...
[2023-05-28 20:51:19] DEBUG /Users/kacper/repos/radio-take-two/SIK-1-Radio/src/receiver/rexmit_sender.cc:30: [RexmitSender] no station playing
[2023-05-28 20:51:20] DEBUG /Users/kacper/repos/radio-take-two/SIK-1-Radio/src/receiver/rexmit_sender.cc:30: [RexmitSender] no station playing
[2023-05-28 20:51:20] DEBUG /Users/kacper/repos/radio-take-two/SIK-1-Radio/src/receiver/lookup_sender.cc:64: [LookupSender] sending request...
[2023-05-28 20:51:20] DEBUG /Users/kacper/repos/radio-take-two/SIK-1-Radio/src/receiver/station_remover.cc:35: [StationRemover] searching for dead stations...
[2023-05-28 20:51:20] DEBUG /Users/kacper/repos/radio-take-two/SIK-1-Radio/src/receiver/rexmit_sender.cc:30: [RexmitSender] no station playing
[2023-05-28 20:51:20] DEBUG /Users/kacper/repos/radio-take-two/SIK-1-Radio/src/receiver/rexmit_sender.cc:30: [RexmitSender] no station playing
[2023-05-28 20:51:20] DEBUG /Users/kacper/repos/radio-take-two/SIK-1-Radio/src/receiver/station_remover.cc:35: [StationRemover] searching for dead stations...
[2023-05-28 20:51:20] DEBUG /Users/kacper/repos/radio-take-two/SIK-1-Radio/src/receiver/rexmit_sender.cc:30: [RexmitSender] no station playing
[2023-05-28 20:51:21] DEBUG /Users/kacper/repos/radio-take-two/SIK-1-Radio/src/receiver/rexmit_sender.cc:30: [RexmitSender] no station playing
[2023-05-28 20:51:21] DEBUG /Users/kacper/repos/radio-take-two/SIK-1-Radio/src/receiver/station_remover.cc:35: [StationRemover] searching for dead stations...
[2023-05-28 20:51:21] DEBUG /Users/kacper/repos/radio-take-two/SIK-1-Radio/src/receiver/rexmit_sender.cc:30: [RexmitSender] no station playing
[2023-05-28 20:51:21] DEBUG /Users/kacper/repos/radio-take-two/SIK-1-Radio/src/receiver/rexmit_sender.cc:30: [RexmitSender] no station playing
[2023-05-28 20:51:21] DEBUG /Users/kacper/repos/radio-take-two/SIK-1-Radio/src/receiver/station_remover.cc:35: [StationRemover] searching for dead stations...
[2023-05-28 20:51:21] DEBUG /Users/kacper/repos/radio-take-two/SIK-1-Radio/src/receiver/rexmit_sender.cc:30: [RexmitSender] no station playing
[2023-05-28 20:51:22] DEBUG /Users/kacper/repos/radio-take-two/SIK-1-Radio/src/receiver/rexmit_sender.cc:30: [RexmitSender] no station playing
[2023-05-28 20:51:22] DEBUG /Users/kacper/repos/radio-take-two/SIK-1-Radio/src/receiver/station_remover.cc:35: [StationRemover] searching for dead stations...
[2023-05-28 20:51:22] DEBUG /Users/kacper/repos/radio-take-two/SIK-1-Radio/src/receiver/rexmit_sender.cc:30: [RexmitSender] no station playing
[2023-05-28 20:51:22] DEBUG /Users/kacper/repos/radio-take-two/SIK-1-Radio/src/receiver/rexmit_sender.cc:30: [RexmitSender] no station playing
[2023-05-28 20:51:22] DEBUG /Users/kacper/repos/radio-take-two/SIK-1-Radio/src/receiver/station_remover.cc:35: [StationRemover] searching for dead stations...
[2023-05-28 20:51:22] DEBUG /Users/kacper/repos/radio-take-two/SIK-1-Radio/src/receiver/rexmit_sender.cc:30: [RexmitSender] no station playing
[2023-05-28 20:51:23] DEBUG /Users/kacper/repos/radio-take-two/SIK-1-Radio/src/receiver/rexmit_sender.cc:30: [RexmitSender] no station playing
[2023-05-28 20:51:23] DEBUG /Users/kacper/repos/radio-take-two/SIK-1-Radio/src/receiver/station_remover.cc:35: [StationRemover] searching for dead stations...
[2023-05-28 20:51:23] DEBUG /Users/kacper/repos/radio-take-two/SIK-1-Radio/src/receiver/rexmit_sender.cc:30: [RexmitSender] no station playing
[2023-05-28 20:51:23] DEBUG /Users/kacper/repos/radio-take-two/SIK-1-Radio/src/receiver/rexmit_sender.cc:30: [RexmitSender] no station playing
[2023-05-28 20:51:23] DEBUG /Users/kacper/repos/radio-take-two/SIK-1-Radio/src/receiver/station_remover.cc:35: [StationRemover] searching for dead stations...
[2023-05-28 20:51:23] DEBUG /Users/kacper/repos/radio-take-two/SIK-1-Radio/src/receiver/rexmit_sender.cc:30: [RexmitSender] no station playing
[2023-05-28 20:51:24] DEBUG /Users/kacper/repos/radio-take-two/SIK-1-Radio/src/receiver/rexmit_sender.cc:30: [RexmitSender] no station playing
[2023-05-28 20:51:24] DEBUG /Users/kacper/repos/radio-take-two/SIK-1-Radio/src/receiver/station_remover.cc:35: [StationRemover] searching for dead stations...
[2023-05-28 20:51:24] DEBUG /Users/kacper/repos/radio-take-two/SIK-1-Radio/src/receiver/rexmit_sender.cc:30: [RexmitSender] no station playing
[2023-05-28 20:51:24] DEBUG /Users/kacper/repos/radio-take-two/SIK-1-Radio/src/receiver/rexmit_sender.cc:30: [RexmitSender] no station playing
[2023-05-28 20:51:24] DEBUG /Users/kacper/repos/radio-take-two/SIK-1-Radio/src/receiver/station_remover.cc:35: [StationRemover] searching for dead stations...
[2023-05-28 20:51:24] DEBUG /Users/kacper/repos/radio-take-two/SIK-1-Radio/src/receiver/rexmit_sender.cc:30: [RexmitSender] no station playing
[2023-05-28 20:51:25] DEBUG /Users/kacper/repos/radio-take-two/SIK-1-Radio/src/receiver/rexmit_sender.cc:30: [RexmitSender] no station playing
[2023-05-28 20:51:25] DEBUG /Users/kacper/repos/radio-take-two/SIK-1-Radio/src/receiver/lookup_sender.cc:64: [LookupSender] sending request...
[2023-05-28 20:51:25] DEBUG /Users/kacper/repos/radio-take-two/SIK-1-Radio/src/receiver/station_remover.cc:35: [StationRemover] searching for dead stations...
[2023-05-28 20:51:25] DEBUG /Users/kacper/repos/radio-take-two/SIK-1-Radio/src/receiver/rexmit_sender.cc:30: [RexmitSender] no station playing
[2023-05-28 20:51:25] DEBUG /Users/kacper/repos/radio-take-two/SIK-1-Radio/src/receiver/rexmit_sender.cc:30: [RexmitSender] no station playing
[2023-05-28 20:51:25] DEBUG /Users/kacper/repos/radio-take-two/SIK-1-Radio/src/receiver/station_remover.cc:35: [StationRemover] searching for dead stations...
[2023-05-28 20:51:25] DEBUG /Users/kacper/repos/radio-take-two/SIK-1-Radio/src/receiver/rexmit_sender.cc:30: [RexmitSender] no station playing
[2023-05-28 20:51:26] DEBUG /Users/kacper/repos/radio-take-two/SIK-1-Radio/src/receiver/rexmit_sender.cc:30: [RexmitSender] no station playing
[2023-05-28 20:51:26] DEBUG /Users/kacper/repos/radio-take-two/SIK-1-Radio/src/receiver/station_remover.cc:35: [StationRemover] searching for dead stations...
[2023-05-28 20:51:26] DEBUG /Users/kacper/repos/radio-take-two/SIK-1-Radio/src/receiver/rexmit_sender.cc:30: [RexmitSender] no station playing
[2023-05-28 20:51:26] DEBUG /Users/kacper/repos/radio-take-two/SIK-1-Radio/src/receiver/rexmit_sender.cc:30: [RexmitSender] no station playing
[2023-05-28 20:51:26] DEBUG /Users/kacper/repos/radio-take-two/SIK-1-Radio/src/receiver/station_remover.cc:35: [StationRemover] searching for dead stations...
[2023-05-28 20:51:26] DEBUG /Users/kacper/repos/radio-take-two/SIK-1-Radio/src/receiver/rexmit_sender.cc:30: [RexmitSender] no station playing
[2023-05-28 20:51:27] DEBUG /Users/kacper/repos/radio-take-two/SIK-1-Radio/src/receiver/rexmit_sender.cc:30: [RexmitSender] no station playing
[2023-05-28 20:51:27] DEBUG /Users/kacper/repos/radio-take-two/SIK-1-Radio/src/receiver/station_remover.cc:35: [StationRemover] searching for dead stations...
[2023-05-28 20:51:27] DEBUG /Users/kacper/repos/radio-take-two/SIK-1-Radio/src/receiver/rexmit_sender.cc:30: [RexmitSender] no station playing
[2023-05-28 20:51:27] DEBUG /Users/kacper/repos/radio-take-two/SIK-1-Radio/src/receiver/rexmit_sender.cc:30: [RexmitSender] no station playing
[2023-05-28 20:51:27] DEBUG /Users/kacper/repos/radio-take-two/SIK-1-Radio/src/receiver/station_remover.cc:35: [StationRemover] searching for dead stations...
[2023-05-28 20:51:27] DEBUG /Users/kacper/repos/radio-take-two/SIK-1-Radio/src/receiver/rexmit_sender.cc:30: [RexmitSender] no station playing
[2023-05-28 20:51:28] DEBUG /Users/kacper/repos/radio-take-two/SIK-1-Radio/src/receiver/rexmit_sender.cc:30: [RexmitSender] no station playing
[2023-05-28 20:51:28] DEBUG /Users/kacper/repos/radio-take-two/SIK-1-Radio/src/receiver/station_remover.cc:35: [StationRemover] searching for dead stations...
[2023-05-28 20:51:28] DEBUG /Users/kacper/repos/radio-take-two/SIK-1-Radio/src/receiver/rexmit_sender.cc:30: [RexmitSender] no station playing
[2023-05-28 20:51:28] DEBUG /Users/kacper/repos/radio-take-two/SIK-1-Radio/src/receiver/rexmit_sender.cc:30: [RexmitSender] no station playing
[2023-05-28 20:51:28] DEBUG /Users/kacper/repos/radio-take-two/SIK-1-Radio/src/receiver/station_remover.cc:35: [StationRemover] searching for dead stations...
[2023-05-28 20:51:28] DEBUG /Users/kacper/repos/radio-take-two/SIK-1-Radio/src/receiver/rexmit_sender.cc:30: [RexmitSender] no station playing
[2023-05-28 20:51:29] DEBUG /Users/kacper/repos/radio-take-two/SIK-1-Radio/src/receiver/rexmit_sender.cc:30: [RexmitSender] no station playing
[2023-05-28 20:51:29] DEBUG /Users/kacper/repos/radio-take-two/SIK-1-Radio/src/receiver/station_remover.cc:35: [StationRemover] searching for dead stations...
[2023-05-28 20:51:29] DEBUG /Users/kacper/repos/radio-take-two/SIK-1-Radio/src/receiver/rexmit_sender.cc:30: [RexmitSender] no station playing
[2023-05-28 20:51:29] DEBUG /Users/kacper/repos/radio-take-two/SIK-1-Radio/src/receiver/rexmit_sender.cc:30: [RexmitSender] no station playing
[2023-05-28 20:51:29] DEBUG /Users/kacper/repos/radio-take-two/SIK-1-Radio/src/receiver/station_remover.cc:35: [StationRemover] searching for dead stations...
[2023-05-28 20:51:29] DEBUG /Users/kacper/repos/radio-take-two/SIK-1-Radio/src/receiver/rexmit_sender.cc:30: [RexmitSender] no station playing
[2023-05-28 20:51:30] DEBUG /Users/kacper/repos/radio-take-two/SIK-1-Radio/src/receiver/lookup_sender.cc:64: [LookupSender] sending request...
[2023-05-28 20:51:30] DEBUG /Users/kacper/repos/radio-take-two/SIK-1-Radio/src/receiver/rexmit_sender.cc:30: [RexmitSender] no station playing
[2023-05-28 20:51:30] DEBUG /Users/kacper/repos/radio-take-two/SIK-1-Radio/src/receiver/station_remover.cc:35: [StationRemover] searching for dead stations...
[2023-05-28 20:51:30] DEBUG /Users/kacper/repos/radio-take-two/SIK-1-Radio/src/receiver/rexmit_sender.cc:30: [RexmitSender] no station playing
[2023-05-28 20:51:30] DEBUG /Users/kacper/repos/radio-take-two/SIK-1-Radio/src/receiver/rexmit_sender.cc:30: [RexmitSender] no station playing
[2023-05-28 20:51:30] DEBUG /Users/kacper/repos/radio-take-two/SIK-1-Radio/src/receiver/receiver.cc:44: Received Interrupt: 2. Shutting down...
[2023-05-28 20:51:30] INFO  /Users/kacper/repos/radio-take-two/SIK-1-Radio/src/receiver/tcp_server.cc:49: [TcpServer] terminating...
[2023-05-28 20:51:30] DEBUG /Users/kacper/repos/radio-take-two/SIK-1-Radio/src/receiver/audio_receiver.cc:66: [AudioReceiver] got new event
[2023-05-28 20:51:30] DEBUG /Users/kacper/repos/radio-take-two/SIK-1-Radio/src/receiver/audio_receiver.cc:75: [AudioReceiver] terminating...
[2023-05-28 20:51:30] DEBUG /Users/kacper/repos/radio-take-two/SIK-1-Radio/src/receiver/lookup_receiver.cc:50: [LookupReceiver] got new event
